<?xml version="1.0" encoding="UTF-8"?>
<!-- Generated by org.testng.reporters.JUnitReportReporter -->
<testsuite hostname="DESKTOP-TQOT31I" failures="0" tests="3" name="ThirdTestCase.HomePage" time="0.017" errors="0" timestamp="2023-06-12T19:54:44 IST" skipped="0">
  <testcase classname="ThirdTestCase.HomePage" name="ProductTabs" time="0.006"/>
  <system-out/>
  <testcase classname="ThirdTestCase.HomePage" name="ContactLinks" time="0.003"/>
  <system-out/>
  <testcase classname="ThirdTestCase.HomePage" name="MenuOptions" time="0.008"/>
  <system-out/>
</testsuite> <!-- ThirdTestCase.HomePage -->
