<?xml version="1.0" encoding="UTF-8"?>
<!-- Generated by org.testng.reporters.JUnitReportReporter -->
<testsuite hostname="DESKTOP-TQOT31I" failures="0" tests="3" name="SecondTestCase.LoginPage" time="0.013" errors="0" timestamp="2023-06-12T19:54:44 IST" skipped="0">
  <testcase classname="SecondTestCase.LoginPage" name="ForgetPassword" time="0.005"/>
  <system-out/>
  <testcase classname="SecondTestCase.LoginPage" name="ImageCaptcha" time="0.005"/>
  <system-out/>
  <testcase classname="SecondTestCase.LoginPage" name="Username" time="0.003"/>
  <system-out/>
</testsuite> <!-- SecondTestCase.LoginPage -->
