<?xml version="1.0" encoding="UTF-8"?>
<!-- Generated by org.testng.reporters.JUnitReportReporter -->
<testsuite hostname="DESKTOP-TQOT31I" failures="0" tests="3" name="SmokeTest.HomePage" time="0.476" errors="0" timestamp="2023-06-16T18:50:44 IST" skipped="0">
  <testcase classname="SmokeTest.HomePage" name="verifySignInButton" time="0.007"/>
  <system-out/>
  <testcase classname="SmokeTest.HomePage" name="verifyItems" time="0.465"/>
  <system-out/>
  <testcase classname="SmokeTest.HomePage" name="verifySearchButton" time="0.004"/>
  <system-out/>
</testsuite> <!-- SmokeTest.HomePage -->
