<?xml version="1.0" encoding="UTF-8"?>
<!-- Generated by org.testng.reporters.JUnitReportReporter -->
<testsuite hostname="DESKTOP-TQOT31I" failures="0" tests="2" name="FirstTestCase.RegistrationPage" time="0.110" errors="0" timestamp="2023-06-12T19:54:44 IST" skipped="0">
  <testcase classname="FirstTestCase.RegistrationPage" name="ValidMobileNo" time="0.105"/>
  <system-out/>
  <testcase classname="FirstTestCase.RegistrationPage" name="ValidName" time="0.005"/>
  <system-out/>
</testsuite> <!-- FirstTestCase.RegistrationPage -->
