<?xml version="1.0" encoding="UTF-8"?>
<!-- Generated by org.testng.reporters.JUnitReportReporter -->
<testsuite hostname="DESKTOP-TQOT31I" failures="0" tests="5" name="FunctionalTestCase.Payment" time="0.142" errors="0" timestamp="2023-06-16T20:40:21 IST" skipped="0">
  <testcase classname="FunctionalTestCase.Payment" name="verifyNetBanking" time="0.003"/>
  <testcase classname="FunctionalTestCase.Payment" name="verifyDebitcardPayment" time="0.005"/>
  <testcase classname="FunctionalTestCase.Payment" name="verifyElectronicItemsPayment" time="0.012"/>
  <testcase classname="FunctionalTestCase.Payment" name="verifyUPIPayment" time="0.003"/>
  <testcase classname="FunctionalTestCase.Payment" name="verifyCreditcardPayment" time="0.119"/>
</testsuite> <!-- FunctionalTestCase.Payment -->
