<?xml version="1.0" encoding="UTF-8"?>
<!-- Generated by org.testng.reporters.JUnitReportReporter -->
<testsuite hostname="DESKTOP-TQOT31I" failures="0" tests="4" name="FunctionalTestCase.Product" time="0.014" errors="0" timestamp="2023-06-16T20:40:21 IST" skipped="0">
  <testcase classname="FunctionalTestCase.Product" name="verifyElectronicItems" time="0.003"/>
  <testcase classname="FunctionalTestCase.Product" name="verifyGrocery" time="0.003"/>
  <testcase classname="FunctionalTestCase.Product" name="verifyHomeDecor" time="0.003"/>
  <testcase classname="FunctionalTestCase.Product" name="verifyKitchenApplience" time="0.005"/>
</testsuite> <!-- FunctionalTestCase.Product -->
